[DEBUG] 2017-08-25 23:02:51,104 com.letstalkdata.iscream.service.OrderService:24 [main] Trying to save order.
[ INFO] 2017-08-25 23:02:51,170 com.letstalkdata.iscream.OrderMaker:40 [main] Saved Order ID 1!
[DEBUG] 2017-08-25 23:02:51,188 com.letstalkdata.iscream.service.OrderService:24 [main] Trying to save order.
[ERROR] 2017-08-25 23:02:51,192 org.hibernate.engine.jdbc.spi.SqlExceptionHelper:131 [main] NULL not allowed for column "TOTAL_PRICE"; SQL statement:
insert into purchase (id, create_dttm, total_price) values (null, ?, ?) [23502-196]
[ERROR] 2017-08-25 23:02:51,203 com.letstalkdata.iscream.OrderMaker:48 [main] Error saving order!
javax.persistence.PersistenceException: org.hibernate.exception.ConstraintViolationException: could not execute statement
	at org.hibernate.internal.ExceptionConverterImpl.convert(ExceptionConverterImpl.java:147)
	at org.hibernate.internal.ExceptionConverterImpl.convert(ExceptionConverterImpl.java:155)
	at org.hibernate.internal.ExceptionConverterImpl.convert(ExceptionConverterImpl.java:162)
	at org.hibernate.internal.SessionImpl.firePersist(SessionImpl.java:787)
	at org.hibernate.internal.SessionImpl.persist(SessionImpl.java:765)
	at sun.reflect.NativeMethodAccessorImpl.invoke0(Native Method)
	at sun.reflect.NativeMethodAccessorImpl.invoke(NativeMethodAccessorImpl.java:62)
	at sun.reflect.DelegatingMethodAccessorImpl.invoke(DelegatingMethodAccessorImpl.java:43)
	at java.lang.reflect.Method.invoke(Method.java:483)
	at org.springframework.orm.jpa.SharedEntityManagerCreator$SharedEntityManagerInvocationHandler.invoke(SharedEntityManagerCreator.java:298)
	at com.sun.proxy.$Proxy32.persist(Unknown Source)
	at com.letstalkdata.iscream.service.OrderService.save(OrderService.java:25)
	at com.letstalkdata.iscream.service.OrderService$$FastClassBySpringCGLIB$$96bd5e89.invoke(<generated>)
	at org.springframework.cglib.proxy.MethodProxy.invoke(MethodProxy.java:204)
	at org.springframework.aop.framework.CglibAopProxy$CglibMethodInvocation.invokeJoinpoint(CglibAopProxy.java:738)
	at org.springframework.aop.framework.ReflectiveMethodInvocation.proceed(ReflectiveMethodInvocation.java:157)
	at org.springframework.transaction.interceptor.TransactionInterceptor$1.proceedWithInvocation(TransactionInterceptor.java:99)
	at org.springframework.transaction.interceptor.TransactionAspectSupport.invokeWithinTransaction(TransactionAspectSupport.java:282)
	at org.springframework.transaction.interceptor.TransactionInterceptor.invoke(TransactionInterceptor.java:96)
	at org.springframework.aop.framework.ReflectiveMethodInvocation.proceed(ReflectiveMethodInvocation.java:179)
	at org.springframework.aop.framework.CglibAopProxy$DynamicAdvisedInterceptor.intercept(CglibAopProxy.java:673)
	at com.letstalkdata.iscream.service.OrderService$$EnhancerBySpringCGLIB$$826d78e4.save(<generated>)
	at com.letstalkdata.iscream.OrderMaker.makeBadOrder(OrderMaker.java:46)
	at com.letstalkdata.iscream.Application.main(Application.java:20)
Caused by: org.hibernate.exception.ConstraintViolationException: could not execute statement
	at org.hibernate.exception.internal.SQLStateConversionDelegate.convert(SQLStateConversionDelegate.java:112)
	at org.hibernate.exception.internal.StandardSQLExceptionConverter.convert(StandardSQLExceptionConverter.java:42)
	at org.hibernate.engine.jdbc.spi.SqlExceptionHelper.convert(SqlExceptionHelper.java:111)
	at org.hibernate.engine.jdbc.spi.SqlExceptionHelper.convert(SqlExceptionHelper.java:97)
	at org.hibernate.engine.jdbc.internal.ResultSetReturnImpl.executeUpdate(ResultSetReturnImpl.java:208)
	at org.hibernate.dialect.identity.GetGeneratedKeysDelegate.executeAndExtract(GetGeneratedKeysDelegate.java:57)
	at org.hibernate.id.insert.AbstractReturningDelegate.performInsert(AbstractReturningDelegate.java:42)
	at org.hibernate.persister.entity.AbstractEntityPersister.insert(AbstractEntityPersister.java:2909)
	at org.hibernate.persister.entity.AbstractEntityPersister.insert(AbstractEntityPersister.java:3480)
	at org.hibernate.action.internal.EntityIdentityInsertAction.execute(EntityIdentityInsertAction.java:81)
	at org.hibernate.engine.spi.ActionQueue.execute(ActionQueue.java:626)
	at org.hibernate.engine.spi.ActionQueue.addResolvedEntityInsertAction(ActionQueue.java:280)
	at org.hibernate.engine.spi.ActionQueue.addInsertAction(ActionQueue.java:261)
	at org.hibernate.engine.spi.ActionQueue.addAction(ActionQueue.java:306)
	at org.hibernate.event.internal.AbstractSaveEventListener.addInsertAction(AbstractSaveEventListener.java:318)
	at org.hibernate.event.internal.AbstractSaveEventListener.performSaveOrReplicate(AbstractSaveEventListener.java:275)
	at org.hibernate.event.internal.AbstractSaveEventListener.performSave(AbstractSaveEventListener.java:182)
	at org.hibernate.event.internal.AbstractSaveEventListener.saveWithGeneratedId(AbstractSaveEventListener.java:113)
	at org.hibernate.jpa.event.internal.core.JpaPersistEventListener.saveWithGeneratedId(JpaPersistEventListener.java:67)
	at org.hibernate.event.internal.DefaultPersistEventListener.entityIsTransient(DefaultPersistEventListener.java:189)
	at org.hibernate.event.internal.DefaultPersistEventListener.onPersist(DefaultPersistEventListener.java:132)
	at org.hibernate.event.internal.DefaultPersistEventListener.onPersist(DefaultPersistEventListener.java:58)
	at org.hibernate.internal.SessionImpl.firePersist(SessionImpl.java:780)
	... 20 more
Caused by: org.h2.jdbc.JdbcSQLException: NULL not allowed for column "TOTAL_PRICE"; SQL statement:
insert into purchase (id, create_dttm, total_price) values (null, ?, ?) [23502-196]
	at org.h2.message.DbException.getJdbcSQLException(DbException.java:345)
	at org.h2.message.DbException.get(DbException.java:179)
	at org.h2.message.DbException.get(DbException.java:155)
	at org.h2.table.Column.validateConvertUpdateSequence(Column.java:345)
	at org.h2.table.Table.validateConvertUpdateSequence(Table.java:797)
	at org.h2.command.dml.Insert.insertRows(Insert.java:151)
	at org.h2.command.dml.Insert.update(Insert.java:114)
	at org.h2.command.CommandContainer.update(CommandContainer.java:101)
	at org.h2.command.Command.executeUpdate(Command.java:260)
	at org.h2.jdbc.JdbcPreparedStatement.executeUpdateInternal(JdbcPreparedStatement.java:164)
	at org.h2.jdbc.JdbcPreparedStatement.executeUpdate(JdbcPreparedStatement.java:150)
	at org.hibernate.engine.jdbc.internal.ResultSetReturnImpl.executeUpdate(ResultSetReturnImpl.java:205)
	... 38 more
[DEBUG] 2017-08-25 23:02:51,262 com.letstalkdata.iscream.service.OrderService:24 [main] Trying to save order.
[ INFO] 2017-08-25 23:02:51,271 com.letstalkdata.iscream.OrderMaker:40 [main] Saved Order ID 3!
[DEBUG] 2017-08-25 23:02:51,300 com.letstalkdata.iscream.service.OrderService:24 [main] Trying to save order.
[ INFO] 2017-08-25 23:02:51,307 com.letstalkdata.iscream.OrderMaker:40 [main] Saved Order ID 4!
[DEBUG] 2017-08-25 23:02:51,356 com.letstalkdata.iscream.service.OrderService:24 [main] Trying to save order.
[ INFO] 2017-08-25 23:02:51,363 com.letstalkdata.iscream.OrderMaker:40 [main] Saved Order ID 5!
[DEBUG] 2017-08-25 23:03:14,990 com.letstalkdata.iscream.service.OrderService:24 [main] Trying to save order.
[ INFO] 2017-08-25 23:03:15,031 com.letstalkdata.iscream.OrderMaker:40 [main] Saved Order ID 1!
[DEBUG] 2017-08-25 23:03:15,038 com.letstalkdata.iscream.service.OrderService:24 [main] Trying to save order.
[ERROR] 2017-08-25 23:03:15,040 org.hibernate.engine.jdbc.spi.SqlExceptionHelper:131 [main] NULL not allowed for column "TOTAL_PRICE"; SQL statement:
insert into purchase (id, create_dttm, total_price) values (null, ?, ?) [23502-196]
[ERROR] 2017-08-25 23:03:15,044 com.letstalkdata.iscream.OrderMaker:48 [main] Error saving order!
javax.persistence.PersistenceException: org.hibernate.exception.ConstraintViolationException: could not execute statement
	at org.hibernate.internal.ExceptionConverterImpl.convert(ExceptionConverterImpl.java:147)
	at org.hibernate.internal.ExceptionConverterImpl.convert(ExceptionConverterImpl.java:155)
	at org.hibernate.internal.ExceptionConverterImpl.convert(ExceptionConverterImpl.java:162)
	at org.hibernate.internal.SessionImpl.firePersist(SessionImpl.java:787)
	at org.hibernate.internal.SessionImpl.persist(SessionImpl.java:765)
	at sun.reflect.NativeMethodAccessorImpl.invoke0(Native Method)
	at sun.reflect.NativeMethodAccessorImpl.invoke(NativeMethodAccessorImpl.java:62)
	at sun.reflect.DelegatingMethodAccessorImpl.invoke(DelegatingMethodAccessorImpl.java:43)
	at java.lang.reflect.Method.invoke(Method.java:483)
	at org.springframework.orm.jpa.SharedEntityManagerCreator$SharedEntityManagerInvocationHandler.invoke(SharedEntityManagerCreator.java:298)
	at com.sun.proxy.$Proxy32.persist(Unknown Source)
	at com.letstalkdata.iscream.service.OrderService.save(OrderService.java:25)
	at com.letstalkdata.iscream.service.OrderService$$FastClassBySpringCGLIB$$96bd5e89.invoke(<generated>)
	at org.springframework.cglib.proxy.MethodProxy.invoke(MethodProxy.java:204)
	at org.springframework.aop.framework.CglibAopProxy$CglibMethodInvocation.invokeJoinpoint(CglibAopProxy.java:738)
	at org.springframework.aop.framework.ReflectiveMethodInvocation.proceed(ReflectiveMethodInvocation.java:157)
	at org.springframework.transaction.interceptor.TransactionInterceptor$1.proceedWithInvocation(TransactionInterceptor.java:99)
	at org.springframework.transaction.interceptor.TransactionAspectSupport.invokeWithinTransaction(TransactionAspectSupport.java:282)
	at org.springframework.transaction.interceptor.TransactionInterceptor.invoke(TransactionInterceptor.java:96)
	at org.springframework.aop.framework.ReflectiveMethodInvocation.proceed(ReflectiveMethodInvocation.java:179)
	at org.springframework.aop.framework.CglibAopProxy$DynamicAdvisedInterceptor.intercept(CglibAopProxy.java:673)
	at com.letstalkdata.iscream.service.OrderService$$EnhancerBySpringCGLIB$$42c194aa.save(<generated>)
	at com.letstalkdata.iscream.OrderMaker.makeBadOrder(OrderMaker.java:46)
	at com.letstalkdata.iscream.Application.main(Application.java:20)
Caused by: org.hibernate.exception.ConstraintViolationException: could not execute statement
	at org.hibernate.exception.internal.SQLStateConversionDelegate.convert(SQLStateConversionDelegate.java:112)
	at org.hibernate.exception.internal.StandardSQLExceptionConverter.convert(StandardSQLExceptionConverter.java:42)
	at org.hibernate.engine.jdbc.spi.SqlExceptionHelper.convert(SqlExceptionHelper.java:111)
	at org.hibernate.engine.jdbc.spi.SqlExceptionHelper.convert(SqlExceptionHelper.java:97)
	at org.hibernate.engine.jdbc.internal.ResultSetReturnImpl.executeUpdate(ResultSetReturnImpl.java:208)
	at org.hibernate.dialect.identity.GetGeneratedKeysDelegate.executeAndExtract(GetGeneratedKeysDelegate.java:57)
	at org.hibernate.id.insert.AbstractReturningDelegate.performInsert(AbstractReturningDelegate.java:42)
	at org.hibernate.persister.entity.AbstractEntityPersister.insert(AbstractEntityPersister.java:2909)
	at org.hibernate.persister.entity.AbstractEntityPersister.insert(AbstractEntityPersister.java:3480)
	at org.hibernate.action.internal.EntityIdentityInsertAction.execute(EntityIdentityInsertAction.java:81)
	at org.hibernate.engine.spi.ActionQueue.execute(ActionQueue.java:626)
	at org.hibernate.engine.spi.ActionQueue.addResolvedEntityInsertAction(ActionQueue.java:280)
	at org.hibernate.engine.spi.ActionQueue.addInsertAction(ActionQueue.java:261)
	at org.hibernate.engine.spi.ActionQueue.addAction(ActionQueue.java:306)
	at org.hibernate.event.internal.AbstractSaveEventListener.addInsertAction(AbstractSaveEventListener.java:318)
	at org.hibernate.event.internal.AbstractSaveEventListener.performSaveOrReplicate(AbstractSaveEventListener.java:275)
	at org.hibernate.event.internal.AbstractSaveEventListener.performSave(AbstractSaveEventListener.java:182)
	at org.hibernate.event.internal.AbstractSaveEventListener.saveWithGeneratedId(AbstractSaveEventListener.java:113)
	at org.hibernate.jpa.event.internal.core.JpaPersistEventListener.saveWithGeneratedId(JpaPersistEventListener.java:67)
	at org.hibernate.event.internal.DefaultPersistEventListener.entityIsTransient(DefaultPersistEventListener.java:189)
	at org.hibernate.event.internal.DefaultPersistEventListener.onPersist(DefaultPersistEventListener.java:132)
	at org.hibernate.event.internal.DefaultPersistEventListener.onPersist(DefaultPersistEventListener.java:58)
	at org.hibernate.internal.SessionImpl.firePersist(SessionImpl.java:780)
	... 20 more
Caused by: org.h2.jdbc.JdbcSQLException: NULL not allowed for column "TOTAL_PRICE"; SQL statement:
insert into purchase (id, create_dttm, total_price) values (null, ?, ?) [23502-196]
	at org.h2.message.DbException.getJdbcSQLException(DbException.java:345)
	at org.h2.message.DbException.get(DbException.java:179)
	at org.h2.message.DbException.get(DbException.java:155)
	at org.h2.table.Column.validateConvertUpdateSequence(Column.java:345)
	at org.h2.table.Table.validateConvertUpdateSequence(Table.java:797)
	at org.h2.command.dml.Insert.insertRows(Insert.java:151)
	at org.h2.command.dml.Insert.update(Insert.java:114)
	at org.h2.command.CommandContainer.update(CommandContainer.java:101)
	at org.h2.command.Command.executeUpdate(Command.java:260)
	at org.h2.jdbc.JdbcPreparedStatement.executeUpdateInternal(JdbcPreparedStatement.java:164)
	at org.h2.jdbc.JdbcPreparedStatement.executeUpdate(JdbcPreparedStatement.java:150)
	at org.hibernate.engine.jdbc.internal.ResultSetReturnImpl.executeUpdate(ResultSetReturnImpl.java:205)
	... 38 more
[DEBUG] 2017-08-25 23:03:15,074 com.letstalkdata.iscream.service.OrderService:24 [main] Trying to save order.
[ INFO] 2017-08-25 23:03:15,080 com.letstalkdata.iscream.OrderMaker:40 [main] Saved Order ID 3!
[DEBUG] 2017-08-25 23:03:15,101 com.letstalkdata.iscream.service.OrderService:24 [main] Trying to save order.
[ INFO] 2017-08-25 23:03:15,108 com.letstalkdata.iscream.OrderMaker:40 [main] Saved Order ID 4!
[DEBUG] 2017-08-25 23:03:15,133 com.letstalkdata.iscream.service.OrderService:24 [main] Trying to save order.
[ INFO] 2017-08-25 23:03:15,140 com.letstalkdata.iscream.OrderMaker:40 [main] Saved Order ID 5!
