[ERROR] 2017-08-25 07:02:12,112 c.l.i.OrderMaker:48 [main] Error saving order!
javax.persistence.PersistenceException: org.hibernate.exception.ConstraintViolationException: could not execute statement
	at org.hibernate.internal.ExceptionConverterImpl.convert(ExceptionConverterImpl.java:147) ~[hibernate-core-5.2.10.Final.jar:5.2.10.Final]
	at org.hibernate.internal.ExceptionConverterImpl.convert(ExceptionConverterImpl.java:155) ~[hibernate-core-5.2.10.Final.jar:5.2.10.Final]
	at org.hibernate.internal.ExceptionConverterImpl.convert(ExceptionConverterImpl.java:162) ~[hibernate-core-5.2.10.Final.jar:5.2.10.Final]
	at org.hibernate.internal.SessionImpl.firePersist(SessionImpl.java:787) ~[hibernate-core-5.2.10.Final.jar:5.2.10.Final]
	at org.hibernate.internal.SessionImpl.persist(SessionImpl.java:765) ~[hibernate-core-5.2.10.Final.jar:5.2.10.Final]
	at sun.reflect.NativeMethodAccessorImpl.invoke0(Native Method) ~[?:1.8.0]
	at sun.reflect.NativeMethodAccessorImpl.invoke(NativeMethodAccessorImpl.java:62) ~[?:1.8.0]
	at sun.reflect.DelegatingMethodAccessorImpl.invoke(DelegatingMethodAccessorImpl.java:43) ~[?:1.8.0]
	at java.lang.reflect.Method.invoke(Method.java:483) ~[?:1.8.0]
	at org.springframework.orm.jpa.SharedEntityManagerCreator$SharedEntityManagerInvocationHandler.invoke(SharedEntityManagerCreator.java:298) ~[spring-orm-4.3.10.RELEASE.jar:4.3.10.RELEASE]
	at com.sun.proxy.$Proxy48.persist(Unknown Source) ~[?:?]
	at com.letstalkdata.iscream.service.OrderService.save(OrderService.java:25) ~[classes/:?]
	at com.letstalkdata.iscream.service.OrderService$$FastClassBySpringCGLIB$$96bd5e89.invoke(<generated>) ~[classes/:?]
	at org.springframework.cglib.proxy.MethodProxy.invoke(MethodProxy.java:204) ~[spring-core-4.3.10.RELEASE.jar:4.3.10.RELEASE]
	at org.springframework.aop.framework.CglibAopProxy$CglibMethodInvocation.invokeJoinpoint(CglibAopProxy.java:738) ~[spring-aop-4.3.10.RELEASE.jar:4.3.10.RELEASE]
	at org.springframework.aop.framework.ReflectiveMethodInvocation.proceed(ReflectiveMethodInvocation.java:157) ~[spring-aop-4.3.10.RELEASE.jar:4.3.10.RELEASE]
	at org.springframework.transaction.interceptor.TransactionInterceptor$1.proceedWithInvocation(TransactionInterceptor.java:99) ~[spring-tx-4.3.10.RELEASE.jar:4.3.10.RELEASE]
	at org.springframework.transaction.interceptor.TransactionAspectSupport.invokeWithinTransaction(TransactionAspectSupport.java:282) ~[spring-tx-4.3.10.RELEASE.jar:4.3.10.RELEASE]
	at org.springframework.transaction.interceptor.TransactionInterceptor.invoke(TransactionInterceptor.java:96) ~[spring-tx-4.3.10.RELEASE.jar:4.3.10.RELEASE]
	at org.springframework.aop.framework.ReflectiveMethodInvocation.proceed(ReflectiveMethodInvocation.java:179) ~[spring-aop-4.3.10.RELEASE.jar:4.3.10.RELEASE]
	at org.springframework.aop.framework.CglibAopProxy$DynamicAdvisedInterceptor.intercept(CglibAopProxy.java:673) ~[spring-aop-4.3.10.RELEASE.jar:4.3.10.RELEASE]
	at com.letstalkdata.iscream.service.OrderService$$EnhancerBySpringCGLIB$$bc6957b6.save(<generated>) ~[classes/:?]
	at com.letstalkdata.iscream.OrderMaker.makeBadOrder(OrderMaker.java:46) [classes/:?]
	at com.letstalkdata.iscream.Application.main(Application.java:20) [classes/:?]
Caused by: org.hibernate.exception.ConstraintViolationException: could not execute statement
	at org.hibernate.exception.internal.SQLStateConversionDelegate.convert(SQLStateConversionDelegate.java:112) ~[hibernate-core-5.2.10.Final.jar:5.2.10.Final]
	at org.hibernate.exception.internal.StandardSQLExceptionConverter.convert(StandardSQLExceptionConverter.java:42) ~[hibernate-core-5.2.10.Final.jar:5.2.10.Final]
	at org.hibernate.engine.jdbc.spi.SqlExceptionHelper.convert(SqlExceptionHelper.java:111) ~[hibernate-core-5.2.10.Final.jar:5.2.10.Final]
	at org.hibernate.engine.jdbc.spi.SqlExceptionHelper.convert(SqlExceptionHelper.java:97) ~[hibernate-core-5.2.10.Final.jar:5.2.10.Final]
	at org.hibernate.engine.jdbc.internal.ResultSetReturnImpl.executeUpdate(ResultSetReturnImpl.java:208) ~[hibernate-core-5.2.10.Final.jar:5.2.10.Final]
	at org.hibernate.dialect.identity.GetGeneratedKeysDelegate.executeAndExtract(GetGeneratedKeysDelegate.java:57) ~[hibernate-core-5.2.10.Final.jar:5.2.10.Final]
	at org.hibernate.id.insert.AbstractReturningDelegate.performInsert(AbstractReturningDelegate.java:42) ~[hibernate-core-5.2.10.Final.jar:5.2.10.Final]
	at org.hibernate.persister.entity.AbstractEntityPersister.insert(AbstractEntityPersister.java:2909) ~[hibernate-core-5.2.10.Final.jar:5.2.10.Final]
	at org.hibernate.persister.entity.AbstractEntityPersister.insert(AbstractEntityPersister.java:3480) ~[hibernate-core-5.2.10.Final.jar:5.2.10.Final]
	at org.hibernate.action.internal.EntityIdentityInsertAction.execute(EntityIdentityInsertAction.java:81) ~[hibernate-core-5.2.10.Final.jar:5.2.10.Final]
	at org.hibernate.engine.spi.ActionQueue.execute(ActionQueue.java:626) ~[hibernate-core-5.2.10.Final.jar:5.2.10.Final]
	at org.hibernate.engine.spi.ActionQueue.addResolvedEntityInsertAction(ActionQueue.java:280) ~[hibernate-core-5.2.10.Final.jar:5.2.10.Final]
	at org.hibernate.engine.spi.ActionQueue.addInsertAction(ActionQueue.java:261) ~[hibernate-core-5.2.10.Final.jar:5.2.10.Final]
	at org.hibernate.engine.spi.ActionQueue.addAction(ActionQueue.java:306) ~[hibernate-core-5.2.10.Final.jar:5.2.10.Final]
	at org.hibernate.event.internal.AbstractSaveEventListener.addInsertAction(AbstractSaveEventListener.java:318) ~[hibernate-core-5.2.10.Final.jar:5.2.10.Final]
	at org.hibernate.event.internal.AbstractSaveEventListener.performSaveOrReplicate(AbstractSaveEventListener.java:275) ~[hibernate-core-5.2.10.Final.jar:5.2.10.Final]
	at org.hibernate.event.internal.AbstractSaveEventListener.performSave(AbstractSaveEventListener.java:182) ~[hibernate-core-5.2.10.Final.jar:5.2.10.Final]
	at org.hibernate.event.internal.AbstractSaveEventListener.saveWithGeneratedId(AbstractSaveEventListener.java:113) ~[hibernate-core-5.2.10.Final.jar:5.2.10.Final]
	at org.hibernate.jpa.event.internal.core.JpaPersistEventListener.saveWithGeneratedId(JpaPersistEventListener.java:67) ~[hibernate-core-5.2.10.Final.jar:5.2.10.Final]
	at org.hibernate.event.internal.DefaultPersistEventListener.entityIsTransient(DefaultPersistEventListener.java:189) ~[hibernate-core-5.2.10.Final.jar:5.2.10.Final]
	at org.hibernate.event.internal.DefaultPersistEventListener.onPersist(DefaultPersistEventListener.java:132) ~[hibernate-core-5.2.10.Final.jar:5.2.10.Final]
	at org.hibernate.event.internal.DefaultPersistEventListener.onPersist(DefaultPersistEventListener.java:58) ~[hibernate-core-5.2.10.Final.jar:5.2.10.Final]
	at org.hibernate.internal.SessionImpl.firePersist(SessionImpl.java:780) ~[hibernate-core-5.2.10.Final.jar:5.2.10.Final]
	... 20 more
Caused by: org.h2.jdbc.JdbcSQLException: NULL not allowed for column "TOTAL_PRICE"; SQL statement:
insert into purchase (id, create_dttm, total_price) values (null, ?, ?) [23502-196]
	at org.h2.message.DbException.getJdbcSQLException(DbException.java:345) ~[h2-1.4.196.jar:1.4.196]
	at org.h2.message.DbException.get(DbException.java:179) ~[h2-1.4.196.jar:1.4.196]
	at org.h2.message.DbException.get(DbException.java:155) ~[h2-1.4.196.jar:1.4.196]
	at org.h2.table.Column.validateConvertUpdateSequence(Column.java:345) ~[h2-1.4.196.jar:1.4.196]
	at org.h2.table.Table.validateConvertUpdateSequence(Table.java:797) ~[h2-1.4.196.jar:1.4.196]
	at org.h2.command.dml.Insert.insertRows(Insert.java:151) ~[h2-1.4.196.jar:1.4.196]
	at org.h2.command.dml.Insert.update(Insert.java:114) ~[h2-1.4.196.jar:1.4.196]
	at org.h2.command.CommandContainer.update(CommandContainer.java:101) ~[h2-1.4.196.jar:1.4.196]
	at org.h2.command.Command.executeUpdate(Command.java:260) ~[h2-1.4.196.jar:1.4.196]
	at org.h2.jdbc.JdbcPreparedStatement.executeUpdateInternal(JdbcPreparedStatement.java:164) ~[h2-1.4.196.jar:1.4.196]
	at org.h2.jdbc.JdbcPreparedStatement.executeUpdate(JdbcPreparedStatement.java:150) ~[h2-1.4.196.jar:1.4.196]
	at org.hibernate.engine.jdbc.internal.ResultSetReturnImpl.executeUpdate(ResultSetReturnImpl.java:205) ~[hibernate-core-5.2.10.Final.jar:5.2.10.Final]
	at org.hibernate.dialect.identity.GetGeneratedKeysDelegate.executeAndExtract(GetGeneratedKeysDelegate.java:57) ~[hibernate-core-5.2.10.Final.jar:5.2.10.Final]
	at org.hibernate.id.insert.AbstractReturningDelegate.performInsert(AbstractReturningDelegate.java:42) ~[hibernate-core-5.2.10.Final.jar:5.2.10.Final]
	at org.hibernate.persister.entity.AbstractEntityPersister.insert(AbstractEntityPersister.java:2909) ~[hibernate-core-5.2.10.Final.jar:5.2.10.Final]
	at org.hibernate.persister.entity.AbstractEntityPersister.insert(AbstractEntityPersister.java:3480) ~[hibernate-core-5.2.10.Final.jar:5.2.10.Final]
	at org.hibernate.action.internal.EntityIdentityInsertAction.execute(EntityIdentityInsertAction.java:81) ~[hibernate-core-5.2.10.Final.jar:5.2.10.Final]
	at org.hibernate.engine.spi.ActionQueue.execute(ActionQueue.java:626) ~[hibernate-core-5.2.10.Final.jar:5.2.10.Final]
	at org.hibernate.engine.spi.ActionQueue.addResolvedEntityInsertAction(ActionQueue.java:280) ~[hibernate-core-5.2.10.Final.jar:5.2.10.Final]
	at org.hibernate.engine.spi.ActionQueue.addInsertAction(ActionQueue.java:261) ~[hibernate-core-5.2.10.Final.jar:5.2.10.Final]
	at org.hibernate.engine.spi.ActionQueue.addAction(ActionQueue.java:306) ~[hibernate-core-5.2.10.Final.jar:5.2.10.Final]
	at org.hibernate.event.internal.AbstractSaveEventListener.addInsertAction(AbstractSaveEventListener.java:318) ~[hibernate-core-5.2.10.Final.jar:5.2.10.Final]
	at org.hibernate.event.internal.AbstractSaveEventListener.performSaveOrReplicate(AbstractSaveEventListener.java:275) ~[hibernate-core-5.2.10.Final.jar:5.2.10.Final]
	at org.hibernate.event.internal.AbstractSaveEventListener.performSave(AbstractSaveEventListener.java:182) ~[hibernate-core-5.2.10.Final.jar:5.2.10.Final]
	at org.hibernate.event.internal.AbstractSaveEventListener.saveWithGeneratedId(AbstractSaveEventListener.java:113) ~[hibernate-core-5.2.10.Final.jar:5.2.10.Final]
	at org.hibernate.jpa.event.internal.core.JpaPersistEventListener.saveWithGeneratedId(JpaPersistEventListener.java:67) ~[hibernate-core-5.2.10.Final.jar:5.2.10.Final]
	at org.hibernate.event.internal.DefaultPersistEventListener.entityIsTransient(DefaultPersistEventListener.java:189) ~[hibernate-core-5.2.10.Final.jar:5.2.10.Final]
	at org.hibernate.event.internal.DefaultPersistEventListener.onPersist(DefaultPersistEventListener.java:132) ~[hibernate-core-5.2.10.Final.jar:5.2.10.Final]
	at org.hibernate.event.internal.DefaultPersistEventListener.onPersist(DefaultPersistEventListener.java:58) ~[hibernate-core-5.2.10.Final.jar:5.2.10.Final]
	at org.hibernate.internal.SessionImpl.firePersist(SessionImpl.java:780) ~[hibernate-core-5.2.10.Final.jar:5.2.10.Final]
	... 20 more
[ERROR] 2017-08-25 07:02:18,504 c.l.i.OrderMaker:48 [main] Error saving order!
javax.persistence.PersistenceException: org.hibernate.exception.ConstraintViolationException: could not execute statement
	at org.hibernate.internal.ExceptionConverterImpl.convert(ExceptionConverterImpl.java:147) ~[hibernate-core-5.2.10.Final.jar:5.2.10.Final]
	at org.hibernate.internal.ExceptionConverterImpl.convert(ExceptionConverterImpl.java:155) ~[hibernate-core-5.2.10.Final.jar:5.2.10.Final]
	at org.hibernate.internal.ExceptionConverterImpl.convert(ExceptionConverterImpl.java:162) ~[hibernate-core-5.2.10.Final.jar:5.2.10.Final]
	at org.hibernate.internal.SessionImpl.firePersist(SessionImpl.java:787) ~[hibernate-core-5.2.10.Final.jar:5.2.10.Final]
	at org.hibernate.internal.SessionImpl.persist(SessionImpl.java:765) ~[hibernate-core-5.2.10.Final.jar:5.2.10.Final]
	at sun.reflect.NativeMethodAccessorImpl.invoke0(Native Method) ~[?:1.8.0]
	at sun.reflect.NativeMethodAccessorImpl.invoke(NativeMethodAccessorImpl.java:62) ~[?:1.8.0]
	at sun.reflect.DelegatingMethodAccessorImpl.invoke(DelegatingMethodAccessorImpl.java:43) ~[?:1.8.0]
	at java.lang.reflect.Method.invoke(Method.java:483) ~[?:1.8.0]
	at org.springframework.orm.jpa.SharedEntityManagerCreator$SharedEntityManagerInvocationHandler.invoke(SharedEntityManagerCreator.java:298) ~[spring-orm-4.3.10.RELEASE.jar:4.3.10.RELEASE]
	at com.sun.proxy.$Proxy48.persist(Unknown Source) ~[?:?]
	at com.letstalkdata.iscream.service.OrderService.save(OrderService.java:25) ~[classes/:?]
	at com.letstalkdata.iscream.service.OrderService$$FastClassBySpringCGLIB$$96bd5e89.invoke(<generated>) ~[classes/:?]
	at org.springframework.cglib.proxy.MethodProxy.invoke(MethodProxy.java:204) ~[spring-core-4.3.10.RELEASE.jar:4.3.10.RELEASE]
	at org.springframework.aop.framework.CglibAopProxy$CglibMethodInvocation.invokeJoinpoint(CglibAopProxy.java:738) ~[spring-aop-4.3.10.RELEASE.jar:4.3.10.RELEASE]
	at org.springframework.aop.framework.ReflectiveMethodInvocation.proceed(ReflectiveMethodInvocation.java:157) ~[spring-aop-4.3.10.RELEASE.jar:4.3.10.RELEASE]
	at org.springframework.transaction.interceptor.TransactionInterceptor$1.proceedWithInvocation(TransactionInterceptor.java:99) ~[spring-tx-4.3.10.RELEASE.jar:4.3.10.RELEASE]
	at org.springframework.transaction.interceptor.TransactionAspectSupport.invokeWithinTransaction(TransactionAspectSupport.java:282) ~[spring-tx-4.3.10.RELEASE.jar:4.3.10.RELEASE]
	at org.springframework.transaction.interceptor.TransactionInterceptor.invoke(TransactionInterceptor.java:96) ~[spring-tx-4.3.10.RELEASE.jar:4.3.10.RELEASE]
	at org.springframework.aop.framework.ReflectiveMethodInvocation.proceed(ReflectiveMethodInvocation.java:179) ~[spring-aop-4.3.10.RELEASE.jar:4.3.10.RELEASE]
	at org.springframework.aop.framework.CglibAopProxy$DynamicAdvisedInterceptor.intercept(CglibAopProxy.java:673) ~[spring-aop-4.3.10.RELEASE.jar:4.3.10.RELEASE]
	at com.letstalkdata.iscream.service.OrderService$$EnhancerBySpringCGLIB$$bc6957b6.save(<generated>) ~[classes/:?]
	at com.letstalkdata.iscream.OrderMaker.makeBadOrder(OrderMaker.java:46) [classes/:?]
	at com.letstalkdata.iscream.Application.main(Application.java:20) [classes/:?]
Caused by: org.hibernate.exception.ConstraintViolationException: could not execute statement
	at org.hibernate.exception.internal.SQLStateConversionDelegate.convert(SQLStateConversionDelegate.java:112) ~[hibernate-core-5.2.10.Final.jar:5.2.10.Final]
	at org.hibernate.exception.internal.StandardSQLExceptionConverter.convert(StandardSQLExceptionConverter.java:42) ~[hibernate-core-5.2.10.Final.jar:5.2.10.Final]
	at org.hibernate.engine.jdbc.spi.SqlExceptionHelper.convert(SqlExceptionHelper.java:111) ~[hibernate-core-5.2.10.Final.jar:5.2.10.Final]
	at org.hibernate.engine.jdbc.spi.SqlExceptionHelper.convert(SqlExceptionHelper.java:97) ~[hibernate-core-5.2.10.Final.jar:5.2.10.Final]
	at org.hibernate.engine.jdbc.internal.ResultSetReturnImpl.executeUpdate(ResultSetReturnImpl.java:208) ~[hibernate-core-5.2.10.Final.jar:5.2.10.Final]
	at org.hibernate.dialect.identity.GetGeneratedKeysDelegate.executeAndExtract(GetGeneratedKeysDelegate.java:57) ~[hibernate-core-5.2.10.Final.jar:5.2.10.Final]
	at org.hibernate.id.insert.AbstractReturningDelegate.performInsert(AbstractReturningDelegate.java:42) ~[hibernate-core-5.2.10.Final.jar:5.2.10.Final]
	at org.hibernate.persister.entity.AbstractEntityPersister.insert(AbstractEntityPersister.java:2909) ~[hibernate-core-5.2.10.Final.jar:5.2.10.Final]
	at org.hibernate.persister.entity.AbstractEntityPersister.insert(AbstractEntityPersister.java:3480) ~[hibernate-core-5.2.10.Final.jar:5.2.10.Final]
	at org.hibernate.action.internal.EntityIdentityInsertAction.execute(EntityIdentityInsertAction.java:81) ~[hibernate-core-5.2.10.Final.jar:5.2.10.Final]
	at org.hibernate.engine.spi.ActionQueue.execute(ActionQueue.java:626) ~[hibernate-core-5.2.10.Final.jar:5.2.10.Final]
	at org.hibernate.engine.spi.ActionQueue.addResolvedEntityInsertAction(ActionQueue.java:280) ~[hibernate-core-5.2.10.Final.jar:5.2.10.Final]
	at org.hibernate.engine.spi.ActionQueue.addInsertAction(ActionQueue.java:261) ~[hibernate-core-5.2.10.Final.jar:5.2.10.Final]
	at org.hibernate.engine.spi.ActionQueue.addAction(ActionQueue.java:306) ~[hibernate-core-5.2.10.Final.jar:5.2.10.Final]
	at org.hibernate.event.internal.AbstractSaveEventListener.addInsertAction(AbstractSaveEventListener.java:318) ~[hibernate-core-5.2.10.Final.jar:5.2.10.Final]
	at org.hibernate.event.internal.AbstractSaveEventListener.performSaveOrReplicate(AbstractSaveEventListener.java:275) ~[hibernate-core-5.2.10.Final.jar:5.2.10.Final]
	at org.hibernate.event.internal.AbstractSaveEventListener.performSave(AbstractSaveEventListener.java:182) ~[hibernate-core-5.2.10.Final.jar:5.2.10.Final]
	at org.hibernate.event.internal.AbstractSaveEventListener.saveWithGeneratedId(AbstractSaveEventListener.java:113) ~[hibernate-core-5.2.10.Final.jar:5.2.10.Final]
	at org.hibernate.jpa.event.internal.core.JpaPersistEventListener.saveWithGeneratedId(JpaPersistEventListener.java:67) ~[hibernate-core-5.2.10.Final.jar:5.2.10.Final]
	at org.hibernate.event.internal.DefaultPersistEventListener.entityIsTransient(DefaultPersistEventListener.java:189) ~[hibernate-core-5.2.10.Final.jar:5.2.10.Final]
	at org.hibernate.event.internal.DefaultPersistEventListener.onPersist(DefaultPersistEventListener.java:132) ~[hibernate-core-5.2.10.Final.jar:5.2.10.Final]
	at org.hibernate.event.internal.DefaultPersistEventListener.onPersist(DefaultPersistEventListener.java:58) ~[hibernate-core-5.2.10.Final.jar:5.2.10.Final]
	at org.hibernate.internal.SessionImpl.firePersist(SessionImpl.java:780) ~[hibernate-core-5.2.10.Final.jar:5.2.10.Final]
	... 20 more
Caused by: org.h2.jdbc.JdbcSQLException: NULL not allowed for column "TOTAL_PRICE"; SQL statement:
insert into purchase (id, create_dttm, total_price) values (null, ?, ?) [23502-196]
	at org.h2.message.DbException.getJdbcSQLException(DbException.java:345) ~[h2-1.4.196.jar:1.4.196]
	at org.h2.message.DbException.get(DbException.java:179) ~[h2-1.4.196.jar:1.4.196]
	at org.h2.message.DbException.get(DbException.java:155) ~[h2-1.4.196.jar:1.4.196]
	at org.h2.table.Column.validateConvertUpdateSequence(Column.java:345) ~[h2-1.4.196.jar:1.4.196]
	at org.h2.table.Table.validateConvertUpdateSequence(Table.java:797) ~[h2-1.4.196.jar:1.4.196]
	at org.h2.command.dml.Insert.insertRows(Insert.java:151) ~[h2-1.4.196.jar:1.4.196]
	at org.h2.command.dml.Insert.update(Insert.java:114) ~[h2-1.4.196.jar:1.4.196]
	at org.h2.command.CommandContainer.update(CommandContainer.java:101) ~[h2-1.4.196.jar:1.4.196]
	at org.h2.command.Command.executeUpdate(Command.java:260) ~[h2-1.4.196.jar:1.4.196]
	at org.h2.jdbc.JdbcPreparedStatement.executeUpdateInternal(JdbcPreparedStatement.java:164) ~[h2-1.4.196.jar:1.4.196]
	at org.h2.jdbc.JdbcPreparedStatement.executeUpdate(JdbcPreparedStatement.java:150) ~[h2-1.4.196.jar:1.4.196]
	at org.hibernate.engine.jdbc.internal.ResultSetReturnImpl.executeUpdate(ResultSetReturnImpl.java:205) ~[hibernate-core-5.2.10.Final.jar:5.2.10.Final]
	at org.hibernate.dialect.identity.GetGeneratedKeysDelegate.executeAndExtract(GetGeneratedKeysDelegate.java:57) ~[hibernate-core-5.2.10.Final.jar:5.2.10.Final]
	at org.hibernate.id.insert.AbstractReturningDelegate.performInsert(AbstractReturningDelegate.java:42) ~[hibernate-core-5.2.10.Final.jar:5.2.10.Final]
	at org.hibernate.persister.entity.AbstractEntityPersister.insert(AbstractEntityPersister.java:2909) ~[hibernate-core-5.2.10.Final.jar:5.2.10.Final]
	at org.hibernate.persister.entity.AbstractEntityPersister.insert(AbstractEntityPersister.java:3480) ~[hibernate-core-5.2.10.Final.jar:5.2.10.Final]
	at org.hibernate.action.internal.EntityIdentityInsertAction.execute(EntityIdentityInsertAction.java:81) ~[hibernate-core-5.2.10.Final.jar:5.2.10.Final]
	at org.hibernate.engine.spi.ActionQueue.execute(ActionQueue.java:626) ~[hibernate-core-5.2.10.Final.jar:5.2.10.Final]
	at org.hibernate.engine.spi.ActionQueue.addResolvedEntityInsertAction(ActionQueue.java:280) ~[hibernate-core-5.2.10.Final.jar:5.2.10.Final]
	at org.hibernate.engine.spi.ActionQueue.addInsertAction(ActionQueue.java:261) ~[hibernate-core-5.2.10.Final.jar:5.2.10.Final]
	at org.hibernate.engine.spi.ActionQueue.addAction(ActionQueue.java:306) ~[hibernate-core-5.2.10.Final.jar:5.2.10.Final]
	at org.hibernate.event.internal.AbstractSaveEventListener.addInsertAction(AbstractSaveEventListener.java:318) ~[hibernate-core-5.2.10.Final.jar:5.2.10.Final]
	at org.hibernate.event.internal.AbstractSaveEventListener.performSaveOrReplicate(AbstractSaveEventListener.java:275) ~[hibernate-core-5.2.10.Final.jar:5.2.10.Final]
	at org.hibernate.event.internal.AbstractSaveEventListener.performSave(AbstractSaveEventListener.java:182) ~[hibernate-core-5.2.10.Final.jar:5.2.10.Final]
	at org.hibernate.event.internal.AbstractSaveEventListener.saveWithGeneratedId(AbstractSaveEventListener.java:113) ~[hibernate-core-5.2.10.Final.jar:5.2.10.Final]
	at org.hibernate.jpa.event.internal.core.JpaPersistEventListener.saveWithGeneratedId(JpaPersistEventListener.java:67) ~[hibernate-core-5.2.10.Final.jar:5.2.10.Final]
	at org.hibernate.event.internal.DefaultPersistEventListener.entityIsTransient(DefaultPersistEventListener.java:189) ~[hibernate-core-5.2.10.Final.jar:5.2.10.Final]
	at org.hibernate.event.internal.DefaultPersistEventListener.onPersist(DefaultPersistEventListener.java:132) ~[hibernate-core-5.2.10.Final.jar:5.2.10.Final]
	at org.hibernate.event.internal.DefaultPersistEventListener.onPersist(DefaultPersistEventListener.java:58) ~[hibernate-core-5.2.10.Final.jar:5.2.10.Final]
	at org.hibernate.internal.SessionImpl.firePersist(SessionImpl.java:780) ~[hibernate-core-5.2.10.Final.jar:5.2.10.Final]
	... 20 more
[ERROR] 2017-08-25 07:04:32,192 c.l.i.OrderMaker:48 [main] Error saving order!
javax.persistence.PersistenceException: org.hibernate.exception.ConstraintViolationException: could not execute statement
	at org.hibernate.internal.ExceptionConverterImpl.convert(ExceptionConverterImpl.java:147) ~[hibernate-core-5.2.10.Final.jar:5.2.10.Final]
	at org.hibernate.internal.ExceptionConverterImpl.convert(ExceptionConverterImpl.java:155) ~[hibernate-core-5.2.10.Final.jar:5.2.10.Final]
	at org.hibernate.internal.ExceptionConverterImpl.convert(ExceptionConverterImpl.java:162) ~[hibernate-core-5.2.10.Final.jar:5.2.10.Final]
	at org.hibernate.internal.SessionImpl.firePersist(SessionImpl.java:787) ~[hibernate-core-5.2.10.Final.jar:5.2.10.Final]
	at org.hibernate.internal.SessionImpl.persist(SessionImpl.java:765) ~[hibernate-core-5.2.10.Final.jar:5.2.10.Final]
	at sun.reflect.NativeMethodAccessorImpl.invoke0(Native Method) ~[?:1.8.0]
	at sun.reflect.NativeMethodAccessorImpl.invoke(NativeMethodAccessorImpl.java:62) ~[?:1.8.0]
	at sun.reflect.DelegatingMethodAccessorImpl.invoke(DelegatingMethodAccessorImpl.java:43) ~[?:1.8.0]
	at java.lang.reflect.Method.invoke(Method.java:483) ~[?:1.8.0]
	at org.springframework.orm.jpa.SharedEntityManagerCreator$SharedEntityManagerInvocationHandler.invoke(SharedEntityManagerCreator.java:298) ~[spring-orm-4.3.10.RELEASE.jar:4.3.10.RELEASE]
	at com.sun.proxy.$Proxy48.persist(Unknown Source) ~[?:?]
	at com.letstalkdata.iscream.service.OrderService.save(OrderService.java:25) ~[classes/:?]
	at com.letstalkdata.iscream.service.OrderService$$FastClassBySpringCGLIB$$96bd5e89.invoke(<generated>) ~[classes/:?]
	at org.springframework.cglib.proxy.MethodProxy.invoke(MethodProxy.java:204) ~[spring-core-4.3.10.RELEASE.jar:4.3.10.RELEASE]
	at org.springframework.aop.framework.CglibAopProxy$CglibMethodInvocation.invokeJoinpoint(CglibAopProxy.java:738) ~[spring-aop-4.3.10.RELEASE.jar:4.3.10.RELEASE]
	at org.springframework.aop.framework.ReflectiveMethodInvocation.proceed(ReflectiveMethodInvocation.java:157) ~[spring-aop-4.3.10.RELEASE.jar:4.3.10.RELEASE]
	at org.springframework.transaction.interceptor.TransactionInterceptor$1.proceedWithInvocation(TransactionInterceptor.java:99) ~[spring-tx-4.3.10.RELEASE.jar:4.3.10.RELEASE]
	at org.springframework.transaction.interceptor.TransactionAspectSupport.invokeWithinTransaction(TransactionAspectSupport.java:282) ~[spring-tx-4.3.10.RELEASE.jar:4.3.10.RELEASE]
	at org.springframework.transaction.interceptor.TransactionInterceptor.invoke(TransactionInterceptor.java:96) ~[spring-tx-4.3.10.RELEASE.jar:4.3.10.RELEASE]
	at org.springframework.aop.framework.ReflectiveMethodInvocation.proceed(ReflectiveMethodInvocation.java:179) ~[spring-aop-4.3.10.RELEASE.jar:4.3.10.RELEASE]
	at org.springframework.aop.framework.CglibAopProxy$DynamicAdvisedInterceptor.intercept(CglibAopProxy.java:673) ~[spring-aop-4.3.10.RELEASE.jar:4.3.10.RELEASE]
	at com.letstalkdata.iscream.service.OrderService$$EnhancerBySpringCGLIB$$bc6957b6.save(<generated>) ~[classes/:?]
	at com.letstalkdata.iscream.OrderMaker.makeBadOrder(OrderMaker.java:46) [classes/:?]
	at com.letstalkdata.iscream.Application.main(Application.java:20) [classes/:?]
Caused by: org.hibernate.exception.ConstraintViolationException: could not execute statement
	at org.hibernate.exception.internal.SQLStateConversionDelegate.convert(SQLStateConversionDelegate.java:112) ~[hibernate-core-5.2.10.Final.jar:5.2.10.Final]
	at org.hibernate.exception.internal.StandardSQLExceptionConverter.convert(StandardSQLExceptionConverter.java:42) ~[hibernate-core-5.2.10.Final.jar:5.2.10.Final]
	at org.hibernate.engine.jdbc.spi.SqlExceptionHelper.convert(SqlExceptionHelper.java:111) ~[hibernate-core-5.2.10.Final.jar:5.2.10.Final]
	at org.hibernate.engine.jdbc.spi.SqlExceptionHelper.convert(SqlExceptionHelper.java:97) ~[hibernate-core-5.2.10.Final.jar:5.2.10.Final]
	at org.hibernate.engine.jdbc.internal.ResultSetReturnImpl.executeUpdate(ResultSetReturnImpl.java:208) ~[hibernate-core-5.2.10.Final.jar:5.2.10.Final]
	at org.hibernate.dialect.identity.GetGeneratedKeysDelegate.executeAndExtract(GetGeneratedKeysDelegate.java:57) ~[hibernate-core-5.2.10.Final.jar:5.2.10.Final]
	at org.hibernate.id.insert.AbstractReturningDelegate.performInsert(AbstractReturningDelegate.java:42) ~[hibernate-core-5.2.10.Final.jar:5.2.10.Final]
	at org.hibernate.persister.entity.AbstractEntityPersister.insert(AbstractEntityPersister.java:2909) ~[hibernate-core-5.2.10.Final.jar:5.2.10.Final]
	at org.hibernate.persister.entity.AbstractEntityPersister.insert(AbstractEntityPersister.java:3480) ~[hibernate-core-5.2.10.Final.jar:5.2.10.Final]
	at org.hibernate.action.internal.EntityIdentityInsertAction.execute(EntityIdentityInsertAction.java:81) ~[hibernate-core-5.2.10.Final.jar:5.2.10.Final]
	at org.hibernate.engine.spi.ActionQueue.execute(ActionQueue.java:626) ~[hibernate-core-5.2.10.Final.jar:5.2.10.Final]
	at org.hibernate.engine.spi.ActionQueue.addResolvedEntityInsertAction(ActionQueue.java:280) ~[hibernate-core-5.2.10.Final.jar:5.2.10.Final]
	at org.hibernate.engine.spi.ActionQueue.addInsertAction(ActionQueue.java:261) ~[hibernate-core-5.2.10.Final.jar:5.2.10.Final]
	at org.hibernate.engine.spi.ActionQueue.addAction(ActionQueue.java:306) ~[hibernate-core-5.2.10.Final.jar:5.2.10.Final]
	at org.hibernate.event.internal.AbstractSaveEventListener.addInsertAction(AbstractSaveEventListener.java:318) ~[hibernate-core-5.2.10.Final.jar:5.2.10.Final]
	at org.hibernate.event.internal.AbstractSaveEventListener.performSaveOrReplicate(AbstractSaveEventListener.java:275) ~[hibernate-core-5.2.10.Final.jar:5.2.10.Final]
	at org.hibernate.event.internal.AbstractSaveEventListener.performSave(AbstractSaveEventListener.java:182) ~[hibernate-core-5.2.10.Final.jar:5.2.10.Final]
	at org.hibernate.event.internal.AbstractSaveEventListener.saveWithGeneratedId(AbstractSaveEventListener.java:113) ~[hibernate-core-5.2.10.Final.jar:5.2.10.Final]
	at org.hibernate.jpa.event.internal.core.JpaPersistEventListener.saveWithGeneratedId(JpaPersistEventListener.java:67) ~[hibernate-core-5.2.10.Final.jar:5.2.10.Final]
	at org.hibernate.event.internal.DefaultPersistEventListener.entityIsTransient(DefaultPersistEventListener.java:189) ~[hibernate-core-5.2.10.Final.jar:5.2.10.Final]
	at org.hibernate.event.internal.DefaultPersistEventListener.onPersist(DefaultPersistEventListener.java:132) ~[hibernate-core-5.2.10.Final.jar:5.2.10.Final]
	at org.hibernate.event.internal.DefaultPersistEventListener.onPersist(DefaultPersistEventListener.java:58) ~[hibernate-core-5.2.10.Final.jar:5.2.10.Final]
	at org.hibernate.internal.SessionImpl.firePersist(SessionImpl.java:780) ~[hibernate-core-5.2.10.Final.jar:5.2.10.Final]
	... 20 more
Caused by: org.h2.jdbc.JdbcSQLException: NULL not allowed for column "TOTAL_PRICE"; SQL statement:
insert into purchase (id, create_dttm, total_price) values (null, ?, ?) [23502-196]
	at org.h2.message.DbException.getJdbcSQLException(DbException.java:345) ~[h2-1.4.196.jar:1.4.196]
	at org.h2.message.DbException.get(DbException.java:179) ~[h2-1.4.196.jar:1.4.196]
	at org.h2.message.DbException.get(DbException.java:155) ~[h2-1.4.196.jar:1.4.196]
	at org.h2.table.Column.validateConvertUpdateSequence(Column.java:345) ~[h2-1.4.196.jar:1.4.196]
	at org.h2.table.Table.validateConvertUpdateSequence(Table.java:797) ~[h2-1.4.196.jar:1.4.196]
	at org.h2.command.dml.Insert.insertRows(Insert.java:151) ~[h2-1.4.196.jar:1.4.196]
	at org.h2.command.dml.Insert.update(Insert.java:114) ~[h2-1.4.196.jar:1.4.196]
	at org.h2.command.CommandContainer.update(CommandContainer.java:101) ~[h2-1.4.196.jar:1.4.196]
	at org.h2.command.Command.executeUpdate(Command.java:260) ~[h2-1.4.196.jar:1.4.196]
	at org.h2.jdbc.JdbcPreparedStatement.executeUpdateInternal(JdbcPreparedStatement.java:164) ~[h2-1.4.196.jar:1.4.196]
	at org.h2.jdbc.JdbcPreparedStatement.executeUpdate(JdbcPreparedStatement.java:150) ~[h2-1.4.196.jar:1.4.196]
	at org.hibernate.engine.jdbc.internal.ResultSetReturnImpl.executeUpdate(ResultSetReturnImpl.java:205) ~[hibernate-core-5.2.10.Final.jar:5.2.10.Final]
	at org.hibernate.dialect.identity.GetGeneratedKeysDelegate.executeAndExtract(GetGeneratedKeysDelegate.java:57) ~[hibernate-core-5.2.10.Final.jar:5.2.10.Final]
	at org.hibernate.id.insert.AbstractReturningDelegate.performInsert(AbstractReturningDelegate.java:42) ~[hibernate-core-5.2.10.Final.jar:5.2.10.Final]
	at org.hibernate.persister.entity.AbstractEntityPersister.insert(AbstractEntityPersister.java:2909) ~[hibernate-core-5.2.10.Final.jar:5.2.10.Final]
	at org.hibernate.persister.entity.AbstractEntityPersister.insert(AbstractEntityPersister.java:3480) ~[hibernate-core-5.2.10.Final.jar:5.2.10.Final]
	at org.hibernate.action.internal.EntityIdentityInsertAction.execute(EntityIdentityInsertAction.java:81) ~[hibernate-core-5.2.10.Final.jar:5.2.10.Final]
	at org.hibernate.engine.spi.ActionQueue.execute(ActionQueue.java:626) ~[hibernate-core-5.2.10.Final.jar:5.2.10.Final]
	at org.hibernate.engine.spi.ActionQueue.addResolvedEntityInsertAction(ActionQueue.java:280) ~[hibernate-core-5.2.10.Final.jar:5.2.10.Final]
	at org.hibernate.engine.spi.ActionQueue.addInsertAction(ActionQueue.java:261) ~[hibernate-core-5.2.10.Final.jar:5.2.10.Final]
	at org.hibernate.engine.spi.ActionQueue.addAction(ActionQueue.java:306) ~[hibernate-core-5.2.10.Final.jar:5.2.10.Final]
	at org.hibernate.event.internal.AbstractSaveEventListener.addInsertAction(AbstractSaveEventListener.java:318) ~[hibernate-core-5.2.10.Final.jar:5.2.10.Final]
	at org.hibernate.event.internal.AbstractSaveEventListener.performSaveOrReplicate(AbstractSaveEventListener.java:275) ~[hibernate-core-5.2.10.Final.jar:5.2.10.Final]
	at org.hibernate.event.internal.AbstractSaveEventListener.performSave(AbstractSaveEventListener.java:182) ~[hibernate-core-5.2.10.Final.jar:5.2.10.Final]
	at org.hibernate.event.internal.AbstractSaveEventListener.saveWithGeneratedId(AbstractSaveEventListener.java:113) ~[hibernate-core-5.2.10.Final.jar:5.2.10.Final]
	at org.hibernate.jpa.event.internal.core.JpaPersistEventListener.saveWithGeneratedId(JpaPersistEventListener.java:67) ~[hibernate-core-5.2.10.Final.jar:5.2.10.Final]
	at org.hibernate.event.internal.DefaultPersistEventListener.entityIsTransient(DefaultPersistEventListener.java:189) ~[hibernate-core-5.2.10.Final.jar:5.2.10.Final]
	at org.hibernate.event.internal.DefaultPersistEventListener.onPersist(DefaultPersistEventListener.java:132) ~[hibernate-core-5.2.10.Final.jar:5.2.10.Final]
	at org.hibernate.event.internal.DefaultPersistEventListener.onPersist(DefaultPersistEventListener.java:58) ~[hibernate-core-5.2.10.Final.jar:5.2.10.Final]
	at org.hibernate.internal.SessionImpl.firePersist(SessionImpl.java:780) ~[hibernate-core-5.2.10.Final.jar:5.2.10.Final]
	... 20 more
[ERROR] 2017-08-25 07:04:44,046 c.l.i.OrderMaker:48 [main] Error saving order!
javax.persistence.PersistenceException: org.hibernate.exception.ConstraintViolationException: could not execute statement
	at org.hibernate.internal.ExceptionConverterImpl.convert(ExceptionConverterImpl.java:147) ~[hibernate-core-5.2.10.Final.jar:5.2.10.Final]
	at org.hibernate.internal.ExceptionConverterImpl.convert(ExceptionConverterImpl.java:155) ~[hibernate-core-5.2.10.Final.jar:5.2.10.Final]
	at org.hibernate.internal.ExceptionConverterImpl.convert(ExceptionConverterImpl.java:162) ~[hibernate-core-5.2.10.Final.jar:5.2.10.Final]
	at org.hibernate.internal.SessionImpl.firePersist(SessionImpl.java:787) ~[hibernate-core-5.2.10.Final.jar:5.2.10.Final]
	at org.hibernate.internal.SessionImpl.persist(SessionImpl.java:765) ~[hibernate-core-5.2.10.Final.jar:5.2.10.Final]
	at sun.reflect.NativeMethodAccessorImpl.invoke0(Native Method) ~[?:1.8.0]
	at sun.reflect.NativeMethodAccessorImpl.invoke(NativeMethodAccessorImpl.java:62) ~[?:1.8.0]
	at sun.reflect.DelegatingMethodAccessorImpl.invoke(DelegatingMethodAccessorImpl.java:43) ~[?:1.8.0]
	at java.lang.reflect.Method.invoke(Method.java:483) ~[?:1.8.0]
	at org.springframework.orm.jpa.SharedEntityManagerCreator$SharedEntityManagerInvocationHandler.invoke(SharedEntityManagerCreator.java:298) ~[spring-orm-4.3.10.RELEASE.jar:4.3.10.RELEASE]
	at com.sun.proxy.$Proxy48.persist(Unknown Source) ~[?:?]
	at com.letstalkdata.iscream.service.OrderService.save(OrderService.java:25) ~[classes/:?]
	at com.letstalkdata.iscream.service.OrderService$$FastClassBySpringCGLIB$$96bd5e89.invoke(<generated>) ~[classes/:?]
	at org.springframework.cglib.proxy.MethodProxy.invoke(MethodProxy.java:204) ~[spring-core-4.3.10.RELEASE.jar:4.3.10.RELEASE]
	at org.springframework.aop.framework.CglibAopProxy$CglibMethodInvocation.invokeJoinpoint(CglibAopProxy.java:738) ~[spring-aop-4.3.10.RELEASE.jar:4.3.10.RELEASE]
	at org.springframework.aop.framework.ReflectiveMethodInvocation.proceed(ReflectiveMethodInvocation.java:157) ~[spring-aop-4.3.10.RELEASE.jar:4.3.10.RELEASE]
	at org.springframework.transaction.interceptor.TransactionInterceptor$1.proceedWithInvocation(TransactionInterceptor.java:99) ~[spring-tx-4.3.10.RELEASE.jar:4.3.10.RELEASE]
	at org.springframework.transaction.interceptor.TransactionAspectSupport.invokeWithinTransaction(TransactionAspectSupport.java:282) ~[spring-tx-4.3.10.RELEASE.jar:4.3.10.RELEASE]
	at org.springframework.transaction.interceptor.TransactionInterceptor.invoke(TransactionInterceptor.java:96) ~[spring-tx-4.3.10.RELEASE.jar:4.3.10.RELEASE]
	at org.springframework.aop.framework.ReflectiveMethodInvocation.proceed(ReflectiveMethodInvocation.java:179) ~[spring-aop-4.3.10.RELEASE.jar:4.3.10.RELEASE]
	at org.springframework.aop.framework.CglibAopProxy$DynamicAdvisedInterceptor.intercept(CglibAopProxy.java:673) ~[spring-aop-4.3.10.RELEASE.jar:4.3.10.RELEASE]
	at com.letstalkdata.iscream.service.OrderService$$EnhancerBySpringCGLIB$$bc6957b6.save(<generated>) ~[classes/:?]
	at com.letstalkdata.iscream.OrderMaker.makeBadOrder(OrderMaker.java:46) [classes/:?]
	at com.letstalkdata.iscream.Application.main(Application.java:20) [classes/:?]
Caused by: org.hibernate.exception.ConstraintViolationException: could not execute statement
	at org.hibernate.exception.internal.SQLStateConversionDelegate.convert(SQLStateConversionDelegate.java:112) ~[hibernate-core-5.2.10.Final.jar:5.2.10.Final]
	at org.hibernate.exception.internal.StandardSQLExceptionConverter.convert(StandardSQLExceptionConverter.java:42) ~[hibernate-core-5.2.10.Final.jar:5.2.10.Final]
	at org.hibernate.engine.jdbc.spi.SqlExceptionHelper.convert(SqlExceptionHelper.java:111) ~[hibernate-core-5.2.10.Final.jar:5.2.10.Final]
	at org.hibernate.engine.jdbc.spi.SqlExceptionHelper.convert(SqlExceptionHelper.java:97) ~[hibernate-core-5.2.10.Final.jar:5.2.10.Final]
	at org.hibernate.engine.jdbc.internal.ResultSetReturnImpl.executeUpdate(ResultSetReturnImpl.java:208) ~[hibernate-core-5.2.10.Final.jar:5.2.10.Final]
	at org.hibernate.dialect.identity.GetGeneratedKeysDelegate.executeAndExtract(GetGeneratedKeysDelegate.java:57) ~[hibernate-core-5.2.10.Final.jar:5.2.10.Final]
	at org.hibernate.id.insert.AbstractReturningDelegate.performInsert(AbstractReturningDelegate.java:42) ~[hibernate-core-5.2.10.Final.jar:5.2.10.Final]
	at org.hibernate.persister.entity.AbstractEntityPersister.insert(AbstractEntityPersister.java:2909) ~[hibernate-core-5.2.10.Final.jar:5.2.10.Final]
	at org.hibernate.persister.entity.AbstractEntityPersister.insert(AbstractEntityPersister.java:3480) ~[hibernate-core-5.2.10.Final.jar:5.2.10.Final]
	at org.hibernate.action.internal.EntityIdentityInsertAction.execute(EntityIdentityInsertAction.java:81) ~[hibernate-core-5.2.10.Final.jar:5.2.10.Final]
	at org.hibernate.engine.spi.ActionQueue.execute(ActionQueue.java:626) ~[hibernate-core-5.2.10.Final.jar:5.2.10.Final]
	at org.hibernate.engine.spi.ActionQueue.addResolvedEntityInsertAction(ActionQueue.java:280) ~[hibernate-core-5.2.10.Final.jar:5.2.10.Final]
	at org.hibernate.engine.spi.ActionQueue.addInsertAction(ActionQueue.java:261) ~[hibernate-core-5.2.10.Final.jar:5.2.10.Final]
	at org.hibernate.engine.spi.ActionQueue.addAction(ActionQueue.java:306) ~[hibernate-core-5.2.10.Final.jar:5.2.10.Final]
	at org.hibernate.event.internal.AbstractSaveEventListener.addInsertAction(AbstractSaveEventListener.java:318) ~[hibernate-core-5.2.10.Final.jar:5.2.10.Final]
	at org.hibernate.event.internal.AbstractSaveEventListener.performSaveOrReplicate(AbstractSaveEventListener.java:275) ~[hibernate-core-5.2.10.Final.jar:5.2.10.Final]
	at org.hibernate.event.internal.AbstractSaveEventListener.performSave(AbstractSaveEventListener.java:182) ~[hibernate-core-5.2.10.Final.jar:5.2.10.Final]
	at org.hibernate.event.internal.AbstractSaveEventListener.saveWithGeneratedId(AbstractSaveEventListener.java:113) ~[hibernate-core-5.2.10.Final.jar:5.2.10.Final]
	at org.hibernate.jpa.event.internal.core.JpaPersistEventListener.saveWithGeneratedId(JpaPersistEventListener.java:67) ~[hibernate-core-5.2.10.Final.jar:5.2.10.Final]
	at org.hibernate.event.internal.DefaultPersistEventListener.entityIsTransient(DefaultPersistEventListener.java:189) ~[hibernate-core-5.2.10.Final.jar:5.2.10.Final]
	at org.hibernate.event.internal.DefaultPersistEventListener.onPersist(DefaultPersistEventListener.java:132) ~[hibernate-core-5.2.10.Final.jar:5.2.10.Final]
	at org.hibernate.event.internal.DefaultPersistEventListener.onPersist(DefaultPersistEventListener.java:58) ~[hibernate-core-5.2.10.Final.jar:5.2.10.Final]
	at org.hibernate.internal.SessionImpl.firePersist(SessionImpl.java:780) ~[hibernate-core-5.2.10.Final.jar:5.2.10.Final]
	... 20 more
Caused by: org.h2.jdbc.JdbcSQLException: NULL not allowed for column "TOTAL_PRICE"; SQL statement:
insert into purchase (id, create_dttm, total_price) values (null, ?, ?) [23502-196]
	at org.h2.message.DbException.getJdbcSQLException(DbException.java:345) ~[h2-1.4.196.jar:1.4.196]
	at org.h2.message.DbException.get(DbException.java:179) ~[h2-1.4.196.jar:1.4.196]
	at org.h2.message.DbException.get(DbException.java:155) ~[h2-1.4.196.jar:1.4.196]
	at org.h2.table.Column.validateConvertUpdateSequence(Column.java:345) ~[h2-1.4.196.jar:1.4.196]
	at org.h2.table.Table.validateConvertUpdateSequence(Table.java:797) ~[h2-1.4.196.jar:1.4.196]
	at org.h2.command.dml.Insert.insertRows(Insert.java:151) ~[h2-1.4.196.jar:1.4.196]
	at org.h2.command.dml.Insert.update(Insert.java:114) ~[h2-1.4.196.jar:1.4.196]
	at org.h2.command.CommandContainer.update(CommandContainer.java:101) ~[h2-1.4.196.jar:1.4.196]
	at org.h2.command.Command.executeUpdate(Command.java:260) ~[h2-1.4.196.jar:1.4.196]
	at org.h2.jdbc.JdbcPreparedStatement.executeUpdateInternal(JdbcPreparedStatement.java:164) ~[h2-1.4.196.jar:1.4.196]
	at org.h2.jdbc.JdbcPreparedStatement.executeUpdate(JdbcPreparedStatement.java:150) ~[h2-1.4.196.jar:1.4.196]
	at org.hibernate.engine.jdbc.internal.ResultSetReturnImpl.executeUpdate(ResultSetReturnImpl.java:205) ~[hibernate-core-5.2.10.Final.jar:5.2.10.Final]
	at org.hibernate.dialect.identity.GetGeneratedKeysDelegate.executeAndExtract(GetGeneratedKeysDelegate.java:57) ~[hibernate-core-5.2.10.Final.jar:5.2.10.Final]
	at org.hibernate.id.insert.AbstractReturningDelegate.performInsert(AbstractReturningDelegate.java:42) ~[hibernate-core-5.2.10.Final.jar:5.2.10.Final]
	at org.hibernate.persister.entity.AbstractEntityPersister.insert(AbstractEntityPersister.java:2909) ~[hibernate-core-5.2.10.Final.jar:5.2.10.Final]
	at org.hibernate.persister.entity.AbstractEntityPersister.insert(AbstractEntityPersister.java:3480) ~[hibernate-core-5.2.10.Final.jar:5.2.10.Final]
	at org.hibernate.action.internal.EntityIdentityInsertAction.execute(EntityIdentityInsertAction.java:81) ~[hibernate-core-5.2.10.Final.jar:5.2.10.Final]
	at org.hibernate.engine.spi.ActionQueue.execute(ActionQueue.java:626) ~[hibernate-core-5.2.10.Final.jar:5.2.10.Final]
	at org.hibernate.engine.spi.ActionQueue.addResolvedEntityInsertAction(ActionQueue.java:280) ~[hibernate-core-5.2.10.Final.jar:5.2.10.Final]
	at org.hibernate.engine.spi.ActionQueue.addInsertAction(ActionQueue.java:261) ~[hibernate-core-5.2.10.Final.jar:5.2.10.Final]
	at org.hibernate.engine.spi.ActionQueue.addAction(ActionQueue.java:306) ~[hibernate-core-5.2.10.Final.jar:5.2.10.Final]
	at org.hibernate.event.internal.AbstractSaveEventListener.addInsertAction(AbstractSaveEventListener.java:318) ~[hibernate-core-5.2.10.Final.jar:5.2.10.Final]
	at org.hibernate.event.internal.AbstractSaveEventListener.performSaveOrReplicate(AbstractSaveEventListener.java:275) ~[hibernate-core-5.2.10.Final.jar:5.2.10.Final]
	at org.hibernate.event.internal.AbstractSaveEventListener.performSave(AbstractSaveEventListener.java:182) ~[hibernate-core-5.2.10.Final.jar:5.2.10.Final]
	at org.hibernate.event.internal.AbstractSaveEventListener.saveWithGeneratedId(AbstractSaveEventListener.java:113) ~[hibernate-core-5.2.10.Final.jar:5.2.10.Final]
	at org.hibernate.jpa.event.internal.core.JpaPersistEventListener.saveWithGeneratedId(JpaPersistEventListener.java:67) ~[hibernate-core-5.2.10.Final.jar:5.2.10.Final]
	at org.hibernate.event.internal.DefaultPersistEventListener.entityIsTransient(DefaultPersistEventListener.java:189) ~[hibernate-core-5.2.10.Final.jar:5.2.10.Final]
	at org.hibernate.event.internal.DefaultPersistEventListener.onPersist(DefaultPersistEventListener.java:132) ~[hibernate-core-5.2.10.Final.jar:5.2.10.Final]
	at org.hibernate.event.internal.DefaultPersistEventListener.onPersist(DefaultPersistEventListener.java:58) ~[hibernate-core-5.2.10.Final.jar:5.2.10.Final]
	at org.hibernate.internal.SessionImpl.firePersist(SessionImpl.java:780) ~[hibernate-core-5.2.10.Final.jar:5.2.10.Final]
	... 20 more
[ERROR] 2017-08-25 23:39:00,343 c.l.i.OrderMaker [main] Error saving order!
javax.persistence.PersistenceException: org.hibernate.exception.ConstraintViolationException: could not execute statement
	at org.hibernate.internal.ExceptionConverterImpl.convert(ExceptionConverterImpl.java:147) ~[hibernate-core-5.2.10.Final.jar:5.2.10.Final]
	at org.hibernate.internal.ExceptionConverterImpl.convert(ExceptionConverterImpl.java:155) ~[hibernate-core-5.2.10.Final.jar:5.2.10.Final]
	at org.hibernate.internal.ExceptionConverterImpl.convert(ExceptionConverterImpl.java:162) ~[hibernate-core-5.2.10.Final.jar:5.2.10.Final]
	at org.hibernate.internal.SessionImpl.firePersist(SessionImpl.java:787) ~[hibernate-core-5.2.10.Final.jar:5.2.10.Final]
	at org.hibernate.internal.SessionImpl.persist(SessionImpl.java:765) ~[hibernate-core-5.2.10.Final.jar:5.2.10.Final]
	at sun.reflect.NativeMethodAccessorImpl.invoke0(Native Method) ~[?:1.8.0]
	at sun.reflect.NativeMethodAccessorImpl.invoke(NativeMethodAccessorImpl.java:62) ~[?:1.8.0]
	at sun.reflect.DelegatingMethodAccessorImpl.invoke(DelegatingMethodAccessorImpl.java:43) ~[?:1.8.0]
	at java.lang.reflect.Method.invoke(Method.java:483) ~[?:1.8.0]
	at org.springframework.orm.jpa.SharedEntityManagerCreator$SharedEntityManagerInvocationHandler.invoke(SharedEntityManagerCreator.java:298) ~[spring-orm-4.3.10.RELEASE.jar:4.3.10.RELEASE]
	at com.sun.proxy.$Proxy48.persist(Unknown Source) ~[?:?]
	at com.letstalkdata.iscream.service.OrderService.save(OrderService.java:25) ~[classes/:?]
	at com.letstalkdata.iscream.service.OrderService$$FastClassBySpringCGLIB$$96bd5e89.invoke(<generated>) ~[classes/:?]
	at org.springframework.cglib.proxy.MethodProxy.invoke(MethodProxy.java:204) ~[spring-core-4.3.10.RELEASE.jar:4.3.10.RELEASE]
	at org.springframework.aop.framework.CglibAopProxy$CglibMethodInvocation.invokeJoinpoint(CglibAopProxy.java:738) ~[spring-aop-4.3.10.RELEASE.jar:4.3.10.RELEASE]
	at org.springframework.aop.framework.ReflectiveMethodInvocation.proceed(ReflectiveMethodInvocation.java:157) ~[spring-aop-4.3.10.RELEASE.jar:4.3.10.RELEASE]
	at org.springframework.transaction.interceptor.TransactionInterceptor$1.proceedWithInvocation(TransactionInterceptor.java:99) ~[spring-tx-4.3.10.RELEASE.jar:4.3.10.RELEASE]
	at org.springframework.transaction.interceptor.TransactionAspectSupport.invokeWithinTransaction(TransactionAspectSupport.java:282) ~[spring-tx-4.3.10.RELEASE.jar:4.3.10.RELEASE]
	at org.springframework.transaction.interceptor.TransactionInterceptor.invoke(TransactionInterceptor.java:96) ~[spring-tx-4.3.10.RELEASE.jar:4.3.10.RELEASE]
	at org.springframework.aop.framework.ReflectiveMethodInvocation.proceed(ReflectiveMethodInvocation.java:179) ~[spring-aop-4.3.10.RELEASE.jar:4.3.10.RELEASE]
	at org.springframework.aop.framework.CglibAopProxy$DynamicAdvisedInterceptor.intercept(CglibAopProxy.java:673) ~[spring-aop-4.3.10.RELEASE.jar:4.3.10.RELEASE]
	at com.letstalkdata.iscream.service.OrderService$$EnhancerBySpringCGLIB$$bc6957b6.save(<generated>) ~[classes/:?]
	at com.letstalkdata.iscream.OrderMaker.makeBadOrder(OrderMaker.java:46) [classes/:?]
	at com.letstalkdata.iscream.Application.main(Application.java:20) [classes/:?]
Caused by: org.hibernate.exception.ConstraintViolationException: could not execute statement
	at org.hibernate.exception.internal.SQLStateConversionDelegate.convert(SQLStateConversionDelegate.java:112) ~[hibernate-core-5.2.10.Final.jar:5.2.10.Final]
	at org.hibernate.exception.internal.StandardSQLExceptionConverter.convert(StandardSQLExceptionConverter.java:42) ~[hibernate-core-5.2.10.Final.jar:5.2.10.Final]
	at org.hibernate.engine.jdbc.spi.SqlExceptionHelper.convert(SqlExceptionHelper.java:111) ~[hibernate-core-5.2.10.Final.jar:5.2.10.Final]
	at org.hibernate.engine.jdbc.spi.SqlExceptionHelper.convert(SqlExceptionHelper.java:97) ~[hibernate-core-5.2.10.Final.jar:5.2.10.Final]
	at org.hibernate.engine.jdbc.internal.ResultSetReturnImpl.executeUpdate(ResultSetReturnImpl.java:208) ~[hibernate-core-5.2.10.Final.jar:5.2.10.Final]
	at org.hibernate.dialect.identity.GetGeneratedKeysDelegate.executeAndExtract(GetGeneratedKeysDelegate.java:57) ~[hibernate-core-5.2.10.Final.jar:5.2.10.Final]
	at org.hibernate.id.insert.AbstractReturningDelegate.performInsert(AbstractReturningDelegate.java:42) ~[hibernate-core-5.2.10.Final.jar:5.2.10.Final]
	at org.hibernate.persister.entity.AbstractEntityPersister.insert(AbstractEntityPersister.java:2909) ~[hibernate-core-5.2.10.Final.jar:5.2.10.Final]
	at org.hibernate.persister.entity.AbstractEntityPersister.insert(AbstractEntityPersister.java:3480) ~[hibernate-core-5.2.10.Final.jar:5.2.10.Final]
	at org.hibernate.action.internal.EntityIdentityInsertAction.execute(EntityIdentityInsertAction.java:81) ~[hibernate-core-5.2.10.Final.jar:5.2.10.Final]
	at org.hibernate.engine.spi.ActionQueue.execute(ActionQueue.java:626) ~[hibernate-core-5.2.10.Final.jar:5.2.10.Final]
	at org.hibernate.engine.spi.ActionQueue.addResolvedEntityInsertAction(ActionQueue.java:280) ~[hibernate-core-5.2.10.Final.jar:5.2.10.Final]
	at org.hibernate.engine.spi.ActionQueue.addInsertAction(ActionQueue.java:261) ~[hibernate-core-5.2.10.Final.jar:5.2.10.Final]
	at org.hibernate.engine.spi.ActionQueue.addAction(ActionQueue.java:306) ~[hibernate-core-5.2.10.Final.jar:5.2.10.Final]
	at org.hibernate.event.internal.AbstractSaveEventListener.addInsertAction(AbstractSaveEventListener.java:318) ~[hibernate-core-5.2.10.Final.jar:5.2.10.Final]
	at org.hibernate.event.internal.AbstractSaveEventListener.performSaveOrReplicate(AbstractSaveEventListener.java:275) ~[hibernate-core-5.2.10.Final.jar:5.2.10.Final]
	at org.hibernate.event.internal.AbstractSaveEventListener.performSave(AbstractSaveEventListener.java:182) ~[hibernate-core-5.2.10.Final.jar:5.2.10.Final]
	at org.hibernate.event.internal.AbstractSaveEventListener.saveWithGeneratedId(AbstractSaveEventListener.java:113) ~[hibernate-core-5.2.10.Final.jar:5.2.10.Final]
	at org.hibernate.jpa.event.internal.core.JpaPersistEventListener.saveWithGeneratedId(JpaPersistEventListener.java:67) ~[hibernate-core-5.2.10.Final.jar:5.2.10.Final]
	at org.hibernate.event.internal.DefaultPersistEventListener.entityIsTransient(DefaultPersistEventListener.java:189) ~[hibernate-core-5.2.10.Final.jar:5.2.10.Final]
	at org.hibernate.event.internal.DefaultPersistEventListener.onPersist(DefaultPersistEventListener.java:132) ~[hibernate-core-5.2.10.Final.jar:5.2.10.Final]
	at org.hibernate.event.internal.DefaultPersistEventListener.onPersist(DefaultPersistEventListener.java:58) ~[hibernate-core-5.2.10.Final.jar:5.2.10.Final]
	at org.hibernate.internal.SessionImpl.firePersist(SessionImpl.java:780) ~[hibernate-core-5.2.10.Final.jar:5.2.10.Final]
	... 20 more
Caused by: org.h2.jdbc.JdbcSQLException: NULL not allowed for column "TOTAL_PRICE"; SQL statement:
insert into purchase (id, create_dttm, total_price) values (null, ?, ?) [23502-196]
	at org.h2.message.DbException.getJdbcSQLException(DbException.java:345) ~[h2-1.4.196.jar:1.4.196]
	at org.h2.message.DbException.get(DbException.java:179) ~[h2-1.4.196.jar:1.4.196]
	at org.h2.message.DbException.get(DbException.java:155) ~[h2-1.4.196.jar:1.4.196]
	at org.h2.table.Column.validateConvertUpdateSequence(Column.java:345) ~[h2-1.4.196.jar:1.4.196]
	at org.h2.table.Table.validateConvertUpdateSequence(Table.java:797) ~[h2-1.4.196.jar:1.4.196]
	at org.h2.command.dml.Insert.insertRows(Insert.java:151) ~[h2-1.4.196.jar:1.4.196]
	at org.h2.command.dml.Insert.update(Insert.java:114) ~[h2-1.4.196.jar:1.4.196]
	at org.h2.command.CommandContainer.update(CommandContainer.java:101) ~[h2-1.4.196.jar:1.4.196]
	at org.h2.command.Command.executeUpdate(Command.java:260) ~[h2-1.4.196.jar:1.4.196]
	at org.h2.jdbc.JdbcPreparedStatement.executeUpdateInternal(JdbcPreparedStatement.java:164) ~[h2-1.4.196.jar:1.4.196]
	at org.h2.jdbc.JdbcPreparedStatement.executeUpdate(JdbcPreparedStatement.java:150) ~[h2-1.4.196.jar:1.4.196]
	at org.hibernate.engine.jdbc.internal.ResultSetReturnImpl.executeUpdate(ResultSetReturnImpl.java:205) ~[hibernate-core-5.2.10.Final.jar:5.2.10.Final]
	at org.hibernate.dialect.identity.GetGeneratedKeysDelegate.executeAndExtract(GetGeneratedKeysDelegate.java:57) ~[hibernate-core-5.2.10.Final.jar:5.2.10.Final]
	at org.hibernate.id.insert.AbstractReturningDelegate.performInsert(AbstractReturningDelegate.java:42) ~[hibernate-core-5.2.10.Final.jar:5.2.10.Final]
	at org.hibernate.persister.entity.AbstractEntityPersister.insert(AbstractEntityPersister.java:2909) ~[hibernate-core-5.2.10.Final.jar:5.2.10.Final]
	at org.hibernate.persister.entity.AbstractEntityPersister.insert(AbstractEntityPersister.java:3480) ~[hibernate-core-5.2.10.Final.jar:5.2.10.Final]
	at org.hibernate.action.internal.EntityIdentityInsertAction.execute(EntityIdentityInsertAction.java:81) ~[hibernate-core-5.2.10.Final.jar:5.2.10.Final]
	at org.hibernate.engine.spi.ActionQueue.execute(ActionQueue.java:626) ~[hibernate-core-5.2.10.Final.jar:5.2.10.Final]
	at org.hibernate.engine.spi.ActionQueue.addResolvedEntityInsertAction(ActionQueue.java:280) ~[hibernate-core-5.2.10.Final.jar:5.2.10.Final]
	at org.hibernate.engine.spi.ActionQueue.addInsertAction(ActionQueue.java:261) ~[hibernate-core-5.2.10.Final.jar:5.2.10.Final]
	at org.hibernate.engine.spi.ActionQueue.addAction(ActionQueue.java:306) ~[hibernate-core-5.2.10.Final.jar:5.2.10.Final]
	at org.hibernate.event.internal.AbstractSaveEventListener.addInsertAction(AbstractSaveEventListener.java:318) ~[hibernate-core-5.2.10.Final.jar:5.2.10.Final]
	at org.hibernate.event.internal.AbstractSaveEventListener.performSaveOrReplicate(AbstractSaveEventListener.java:275) ~[hibernate-core-5.2.10.Final.jar:5.2.10.Final]
	at org.hibernate.event.internal.AbstractSaveEventListener.performSave(AbstractSaveEventListener.java:182) ~[hibernate-core-5.2.10.Final.jar:5.2.10.Final]
	at org.hibernate.event.internal.AbstractSaveEventListener.saveWithGeneratedId(AbstractSaveEventListener.java:113) ~[hibernate-core-5.2.10.Final.jar:5.2.10.Final]
	at org.hibernate.jpa.event.internal.core.JpaPersistEventListener.saveWithGeneratedId(JpaPersistEventListener.java:67) ~[hibernate-core-5.2.10.Final.jar:5.2.10.Final]
	at org.hibernate.event.internal.DefaultPersistEventListener.entityIsTransient(DefaultPersistEventListener.java:189) ~[hibernate-core-5.2.10.Final.jar:5.2.10.Final]
	at org.hibernate.event.internal.DefaultPersistEventListener.onPersist(DefaultPersistEventListener.java:132) ~[hibernate-core-5.2.10.Final.jar:5.2.10.Final]
	at org.hibernate.event.internal.DefaultPersistEventListener.onPersist(DefaultPersistEventListener.java:58) ~[hibernate-core-5.2.10.Final.jar:5.2.10.Final]
	at org.hibernate.internal.SessionImpl.firePersist(SessionImpl.java:780) ~[hibernate-core-5.2.10.Final.jar:5.2.10.Final]
	... 20 more
[ERROR] 2017-08-25 23:51:39,350 o.h.e.j.s.SqlExceptionHelper [main] NULL not allowed for column "TOTAL_PRICE"; SQL statement:
insert into purchase (id, create_dttm, total_price) values (null, ?, ?) [23502-196]
[ERROR] 2017-08-25 23:51:39,355 c.l.i.OrderMaker [main] Error saving order!
javax.persistence.PersistenceException: org.hibernate.exception.ConstraintViolationException: could not execute statement
	at org.hibernate.internal.ExceptionConverterImpl.convert(ExceptionConverterImpl.java:147) ~[hibernate-core-5.2.10.Final.jar:5.2.10.Final]
	at org.hibernate.internal.ExceptionConverterImpl.convert(ExceptionConverterImpl.java:155) ~[hibernate-core-5.2.10.Final.jar:5.2.10.Final]
	at org.hibernate.internal.ExceptionConverterImpl.convert(ExceptionConverterImpl.java:162) ~[hibernate-core-5.2.10.Final.jar:5.2.10.Final]
	at org.hibernate.internal.SessionImpl.firePersist(SessionImpl.java:787) ~[hibernate-core-5.2.10.Final.jar:5.2.10.Final]
	at org.hibernate.internal.SessionImpl.persist(SessionImpl.java:765) ~[hibernate-core-5.2.10.Final.jar:5.2.10.Final]
	at sun.reflect.NativeMethodAccessorImpl.invoke0(Native Method) ~[?:1.8.0]
	at sun.reflect.NativeMethodAccessorImpl.invoke(NativeMethodAccessorImpl.java:62) ~[?:1.8.0]
	at sun.reflect.DelegatingMethodAccessorImpl.invoke(DelegatingMethodAccessorImpl.java:43) ~[?:1.8.0]
	at java.lang.reflect.Method.invoke(Method.java:483) ~[?:1.8.0]
	at org.springframework.orm.jpa.SharedEntityManagerCreator$SharedEntityManagerInvocationHandler.invoke(SharedEntityManagerCreator.java:298) ~[spring-orm-4.3.10.RELEASE.jar:4.3.10.RELEASE]
	at com.sun.proxy.$Proxy48.persist(Unknown Source) ~[?:?]
	at com.letstalkdata.iscream.service.OrderService.save(OrderService.java:25) ~[classes/:?]
	at com.letstalkdata.iscream.service.OrderService$$FastClassBySpringCGLIB$$96bd5e89.invoke(<generated>) ~[classes/:?]
	at org.springframework.cglib.proxy.MethodProxy.invoke(MethodProxy.java:204) ~[spring-core-4.3.10.RELEASE.jar:4.3.10.RELEASE]
	at org.springframework.aop.framework.CglibAopProxy$CglibMethodInvocation.invokeJoinpoint(CglibAopProxy.java:738) ~[spring-aop-4.3.10.RELEASE.jar:4.3.10.RELEASE]
	at org.springframework.aop.framework.ReflectiveMethodInvocation.proceed(ReflectiveMethodInvocation.java:157) ~[spring-aop-4.3.10.RELEASE.jar:4.3.10.RELEASE]
	at org.springframework.transaction.interceptor.TransactionInterceptor$1.proceedWithInvocation(TransactionInterceptor.java:99) ~[spring-tx-4.3.10.RELEASE.jar:4.3.10.RELEASE]
	at org.springframework.transaction.interceptor.TransactionAspectSupport.invokeWithinTransaction(TransactionAspectSupport.java:282) ~[spring-tx-4.3.10.RELEASE.jar:4.3.10.RELEASE]
	at org.springframework.transaction.interceptor.TransactionInterceptor.invoke(TransactionInterceptor.java:96) ~[spring-tx-4.3.10.RELEASE.jar:4.3.10.RELEASE]
	at org.springframework.aop.framework.ReflectiveMethodInvocation.proceed(ReflectiveMethodInvocation.java:179) ~[spring-aop-4.3.10.RELEASE.jar:4.3.10.RELEASE]
	at org.springframework.aop.framework.CglibAopProxy$DynamicAdvisedInterceptor.intercept(CglibAopProxy.java:673) ~[spring-aop-4.3.10.RELEASE.jar:4.3.10.RELEASE]
	at com.letstalkdata.iscream.service.OrderService$$EnhancerBySpringCGLIB$$bc6957b6.save(<generated>) ~[classes/:?]
	at com.letstalkdata.iscream.OrderMaker.makeBadOrder(OrderMaker.java:46) [classes/:?]
	at com.letstalkdata.iscream.Application.main(Application.java:20) [classes/:?]
Caused by: org.hibernate.exception.ConstraintViolationException: could not execute statement
	at org.hibernate.exception.internal.SQLStateConversionDelegate.convert(SQLStateConversionDelegate.java:112) ~[hibernate-core-5.2.10.Final.jar:5.2.10.Final]
	at org.hibernate.exception.internal.StandardSQLExceptionConverter.convert(StandardSQLExceptionConverter.java:42) ~[hibernate-core-5.2.10.Final.jar:5.2.10.Final]
	at org.hibernate.engine.jdbc.spi.SqlExceptionHelper.convert(SqlExceptionHelper.java:111) ~[hibernate-core-5.2.10.Final.jar:5.2.10.Final]
	at org.hibernate.engine.jdbc.spi.SqlExceptionHelper.convert(SqlExceptionHelper.java:97) ~[hibernate-core-5.2.10.Final.jar:5.2.10.Final]
	at org.hibernate.engine.jdbc.internal.ResultSetReturnImpl.executeUpdate(ResultSetReturnImpl.java:208) ~[hibernate-core-5.2.10.Final.jar:5.2.10.Final]
	at org.hibernate.dialect.identity.GetGeneratedKeysDelegate.executeAndExtract(GetGeneratedKeysDelegate.java:57) ~[hibernate-core-5.2.10.Final.jar:5.2.10.Final]
	at org.hibernate.id.insert.AbstractReturningDelegate.performInsert(AbstractReturningDelegate.java:42) ~[hibernate-core-5.2.10.Final.jar:5.2.10.Final]
	at org.hibernate.persister.entity.AbstractEntityPersister.insert(AbstractEntityPersister.java:2909) ~[hibernate-core-5.2.10.Final.jar:5.2.10.Final]
	at org.hibernate.persister.entity.AbstractEntityPersister.insert(AbstractEntityPersister.java:3480) ~[hibernate-core-5.2.10.Final.jar:5.2.10.Final]
	at org.hibernate.action.internal.EntityIdentityInsertAction.execute(EntityIdentityInsertAction.java:81) ~[hibernate-core-5.2.10.Final.jar:5.2.10.Final]
	at org.hibernate.engine.spi.ActionQueue.execute(ActionQueue.java:626) ~[hibernate-core-5.2.10.Final.jar:5.2.10.Final]
	at org.hibernate.engine.spi.ActionQueue.addResolvedEntityInsertAction(ActionQueue.java:280) ~[hibernate-core-5.2.10.Final.jar:5.2.10.Final]
	at org.hibernate.engine.spi.ActionQueue.addInsertAction(ActionQueue.java:261) ~[hibernate-core-5.2.10.Final.jar:5.2.10.Final]
	at org.hibernate.engine.spi.ActionQueue.addAction(ActionQueue.java:306) ~[hibernate-core-5.2.10.Final.jar:5.2.10.Final]
	at org.hibernate.event.internal.AbstractSaveEventListener.addInsertAction(AbstractSaveEventListener.java:318) ~[hibernate-core-5.2.10.Final.jar:5.2.10.Final]
	at org.hibernate.event.internal.AbstractSaveEventListener.performSaveOrReplicate(AbstractSaveEventListener.java:275) ~[hibernate-core-5.2.10.Final.jar:5.2.10.Final]
	at org.hibernate.event.internal.AbstractSaveEventListener.performSave(AbstractSaveEventListener.java:182) ~[hibernate-core-5.2.10.Final.jar:5.2.10.Final]
	at org.hibernate.event.internal.AbstractSaveEventListener.saveWithGeneratedId(AbstractSaveEventListener.java:113) ~[hibernate-core-5.2.10.Final.jar:5.2.10.Final]
	at org.hibernate.jpa.event.internal.core.JpaPersistEventListener.saveWithGeneratedId(JpaPersistEventListener.java:67) ~[hibernate-core-5.2.10.Final.jar:5.2.10.Final]
	at org.hibernate.event.internal.DefaultPersistEventListener.entityIsTransient(DefaultPersistEventListener.java:189) ~[hibernate-core-5.2.10.Final.jar:5.2.10.Final]
	at org.hibernate.event.internal.DefaultPersistEventListener.onPersist(DefaultPersistEventListener.java:132) ~[hibernate-core-5.2.10.Final.jar:5.2.10.Final]
	at org.hibernate.event.internal.DefaultPersistEventListener.onPersist(DefaultPersistEventListener.java:58) ~[hibernate-core-5.2.10.Final.jar:5.2.10.Final]
	at org.hibernate.internal.SessionImpl.firePersist(SessionImpl.java:780) ~[hibernate-core-5.2.10.Final.jar:5.2.10.Final]
	... 20 more
Caused by: org.h2.jdbc.JdbcSQLException: NULL not allowed for column "TOTAL_PRICE"; SQL statement:
insert into purchase (id, create_dttm, total_price) values (null, ?, ?) [23502-196]
	at org.h2.message.DbException.getJdbcSQLException(DbException.java:345) ~[h2-1.4.196.jar:1.4.196]
	at org.h2.message.DbException.get(DbException.java:179) ~[h2-1.4.196.jar:1.4.196]
	at org.h2.message.DbException.get(DbException.java:155) ~[h2-1.4.196.jar:1.4.196]
	at org.h2.table.Column.validateConvertUpdateSequence(Column.java:345) ~[h2-1.4.196.jar:1.4.196]
	at org.h2.table.Table.validateConvertUpdateSequence(Table.java:797) ~[h2-1.4.196.jar:1.4.196]
	at org.h2.command.dml.Insert.insertRows(Insert.java:151) ~[h2-1.4.196.jar:1.4.196]
	at org.h2.command.dml.Insert.update(Insert.java:114) ~[h2-1.4.196.jar:1.4.196]
	at org.h2.command.CommandContainer.update(CommandContainer.java:101) ~[h2-1.4.196.jar:1.4.196]
	at org.h2.command.Command.executeUpdate(Command.java:260) ~[h2-1.4.196.jar:1.4.196]
	at org.h2.jdbc.JdbcPreparedStatement.executeUpdateInternal(JdbcPreparedStatement.java:164) ~[h2-1.4.196.jar:1.4.196]
	at org.h2.jdbc.JdbcPreparedStatement.executeUpdate(JdbcPreparedStatement.java:150) ~[h2-1.4.196.jar:1.4.196]
	at org.hibernate.engine.jdbc.internal.ResultSetReturnImpl.executeUpdate(ResultSetReturnImpl.java:205) ~[hibernate-core-5.2.10.Final.jar:5.2.10.Final]
	at org.hibernate.dialect.identity.GetGeneratedKeysDelegate.executeAndExtract(GetGeneratedKeysDelegate.java:57) ~[hibernate-core-5.2.10.Final.jar:5.2.10.Final]
	at org.hibernate.id.insert.AbstractReturningDelegate.performInsert(AbstractReturningDelegate.java:42) ~[hibernate-core-5.2.10.Final.jar:5.2.10.Final]
	at org.hibernate.persister.entity.AbstractEntityPersister.insert(AbstractEntityPersister.java:2909) ~[hibernate-core-5.2.10.Final.jar:5.2.10.Final]
	at org.hibernate.persister.entity.AbstractEntityPersister.insert(AbstractEntityPersister.java:3480) ~[hibernate-core-5.2.10.Final.jar:5.2.10.Final]
	at org.hibernate.action.internal.EntityIdentityInsertAction.execute(EntityIdentityInsertAction.java:81) ~[hibernate-core-5.2.10.Final.jar:5.2.10.Final]
	at org.hibernate.engine.spi.ActionQueue.execute(ActionQueue.java:626) ~[hibernate-core-5.2.10.Final.jar:5.2.10.Final]
	at org.hibernate.engine.spi.ActionQueue.addResolvedEntityInsertAction(ActionQueue.java:280) ~[hibernate-core-5.2.10.Final.jar:5.2.10.Final]
	at org.hibernate.engine.spi.ActionQueue.addInsertAction(ActionQueue.java:261) ~[hibernate-core-5.2.10.Final.jar:5.2.10.Final]
	at org.hibernate.engine.spi.ActionQueue.addAction(ActionQueue.java:306) ~[hibernate-core-5.2.10.Final.jar:5.2.10.Final]
	at org.hibernate.event.internal.AbstractSaveEventListener.addInsertAction(AbstractSaveEventListener.java:318) ~[hibernate-core-5.2.10.Final.jar:5.2.10.Final]
	at org.hibernate.event.internal.AbstractSaveEventListener.performSaveOrReplicate(AbstractSaveEventListener.java:275) ~[hibernate-core-5.2.10.Final.jar:5.2.10.Final]
	at org.hibernate.event.internal.AbstractSaveEventListener.performSave(AbstractSaveEventListener.java:182) ~[hibernate-core-5.2.10.Final.jar:5.2.10.Final]
	at org.hibernate.event.internal.AbstractSaveEventListener.saveWithGeneratedId(AbstractSaveEventListener.java:113) ~[hibernate-core-5.2.10.Final.jar:5.2.10.Final]
	at org.hibernate.jpa.event.internal.core.JpaPersistEventListener.saveWithGeneratedId(JpaPersistEventListener.java:67) ~[hibernate-core-5.2.10.Final.jar:5.2.10.Final]
	at org.hibernate.event.internal.DefaultPersistEventListener.entityIsTransient(DefaultPersistEventListener.java:189) ~[hibernate-core-5.2.10.Final.jar:5.2.10.Final]
	at org.hibernate.event.internal.DefaultPersistEventListener.onPersist(DefaultPersistEventListener.java:132) ~[hibernate-core-5.2.10.Final.jar:5.2.10.Final]
	at org.hibernate.event.internal.DefaultPersistEventListener.onPersist(DefaultPersistEventListener.java:58) ~[hibernate-core-5.2.10.Final.jar:5.2.10.Final]
	at org.hibernate.internal.SessionImpl.firePersist(SessionImpl.java:780) ~[hibernate-core-5.2.10.Final.jar:5.2.10.Final]
	... 20 more
